<?xml version="1.0" encoding="UTF-8"?>
<!-- Generated by org.testng.reporters.JUnitReportReporter -->
<testsuite skipped="0" hostname="DESKTOP-DAP7KSU" name="SeleniumJenkins.SeleniumJenkins.seleniumTest" tests="1" failures="0" timestamp="13 Jul 2018 04:11:46 GMT" time="18.237" errors="0">
  <testcase name="launchbrowser" time="18.237" classname="SeleniumJenkins.SeleniumJenkins.seleniumTest"/>
</testsuite> <!-- SeleniumJenkins.SeleniumJenkins.seleniumTest -->
