<?xml version="1.0" encoding="UTF-8"?>
<!-- Generated by org.testng.reporters.JUnitReportReporter -->
<testsuite skipped="0" hostname="DESKTOP-DAP7KSU" name="SeleniumJenkins.SeleniumJenkins.printsomething" tests="1" failures="0" timestamp="14 Jul 2018 17:40:47 GMT" time="0.016" errors="0">
  <testcase name="print" time="0.016" classname="SeleniumJenkins.SeleniumJenkins.printsomething"/>
</testsuite> <!-- SeleniumJenkins.SeleniumJenkins.printsomething -->
