<?xml version="1.0" encoding="UTF-8"?>
<!-- Generated by org.testng.reporters.JUnitReportReporter -->
<testsuite skipped="0" hostname="DESKTOP-DAP7KSU" name="SeleniumJenkins.SeleniumJenkins.seleniumTest" tests="1" failures="0" timestamp="10 Jul 2018 04:22:46 GMT" time="12.942" errors="0">
  <testcase name="launchbrowser" time="12.942" classname="SeleniumJenkins.SeleniumJenkins.seleniumTest"/>
</testsuite> <!-- SeleniumJenkins.SeleniumJenkins.seleniumTest -->
